[2023-07-16 00:04:43] INFO root fetch - main [MainThread]: Get Changelog since Serial: [18903218]
[2023-07-16 00:04:47] INFO root fetch - main [MainThread]: Found 7 changed packages
[2023-07-16 00:04:47] INFO root fetch - processPackages [ThreadPoolExecutor-0_0]: Start processing: xfetus
[2023-07-16 00:04:47] INFO root fetch - processPackages [ThreadPoolExecutor-0_1]: Start processing: odoo14-addon-purchase-order-ubl-py3o
[2023-07-16 00:04:47] INFO root fetch - processPackages [ThreadPoolExecutor-0_2]: Start processing: odoo14-addon-purchase-order-ubl
[2023-07-16 00:04:47] INFO root fetch - processPackages [ThreadPoolExecutor-0_3]: Start processing: threads-api
[2023-07-16 00:04:47] INFO root fetch - processPackages [ThreadPoolExecutor-0_4]: Start processing: pyccolo
[2023-07-16 00:04:47] INFO root fetch - processPackages [ThreadPoolExecutor-0_5]: Start processing: examon-core
[2023-07-16 00:04:47] INFO root fetch - processPackages [ThreadPoolExecutor-0_6]: Start processing: frictionless
[2023-07-16 00:04:47] INFO root fetch - processPackages [threads-api]: New version: [1.1.9] Old Version: [1.1.8]
[2023-07-16 00:04:47] INFO root fetch - processPackages [odoo14-addon-purchase-order-ubl]: New version: [14.0.1.1.0] Old Version: [14.0.1.0.1.dev4]
[2023-07-16 00:04:47] WARNING root fetch - processPackages [xfetus]: Skipping, unable to determine old version
[2023-07-16 00:04:47] INFO root fetch - processPackages [examon-core]: New version: [1.0.3] Old Version: [1.0.2]
[2023-07-16 00:04:47] INFO root fetch - main [MainThread]: End processing [xfetus] error
[2023-07-16 00:04:47] WARNING root fetch - processPackages [odoo14-addon-purchase-order-ubl-py3o]: Skipping, unable to determine old version
[2023-07-16 00:04:47] INFO root fetch - main [MainThread]: End processing [odoo14-addon-purchase-order-ubl-py3o] error
[2023-07-16 00:04:47] INFO root fetch - processPackages [pyccolo]: New version: [0.0.9] Old Version: [0.0.8]
[2023-07-16 00:04:47] INFO root fetch - processPackages [frictionless]: New version: [5.8.3] Old Version: [5.8.2]
[2023-07-16 00:04:48] INFO root fetch - processPackages [examon-core]: Downloading https://files.pythonhosted.org/packages/0c/ca/aee09791a77e4dc4c547f23e7a57671bf257d686dfebbf5b984b3946b10e/examon_core-1.0.2.tar.gz
[2023-07-16 00:04:48] INFO root fetch - processPackages [threads-api]: Downloading https://files.pythonhosted.org/packages/8e/7b/d9f92cfe385bef370f7b0c6946c2c5bae610c8564a65a6b1e0a2cd206538/threads-api-1.1.8.tar.gz
[2023-07-16 00:04:48] INFO root fetch - processPackages [odoo14-addon-purchase-order-ubl]: Downloading https://files.pythonhosted.org/packages/78/ba/67f56a7a9738f14c28af5e595c1abb8d32d99692b6417c4931f8cc06c780/odoo14_addon_purchase_order_ubl-14.0.1.0.1.dev4-py3-none-any.whl
[2023-07-16 00:04:48] INFO root fetch - processPackages [frictionless]: Downloading https://files.pythonhosted.org/packages/64/ee/14733c5b1fcd9a121c750af080aa978bfe1e801a9de882afa8cfe53382a6/frictionless-5.8.2.tar.gz
[2023-07-16 00:04:48] INFO root fetch - processPackages [pyccolo]: Downloading https://files.pythonhosted.org/packages/89/99/05046591ea195d9d4635b006c98b0c0766181f97cf92a3b3cdd279c36cdf/pyccolo-0.0.8.tar.gz
[2023-07-16 00:04:48] INFO root fetch - processPackages [examon-core]: Downloading https://files.pythonhosted.org/packages/0d/cf/cfd2915f97813fbdcb33abad3eb704e0bf36189757cef0f9a32318bc3afe/examon_core-1.0.3.tar.gz
[2023-07-16 00:04:48] INFO root fetch - processPackages [threads-api]: Downloading https://files.pythonhosted.org/packages/85/23/ee0d1c9967b678f8a86817ad842a1577939edc7b5469bb1e5d6d237402b7/threads-api-1.1.9.tar.gz
[2023-07-16 00:04:48] INFO root fetch - processPackages [examon-core]: executing diffoscope
[2023-07-16 00:04:48] INFO root fetch - processPackages [examon-core]: podman run --user 0:0 --rm -w /home/abi/fetcher -v /home/abi/fetcher/tmp:/home/abi/fetcher/tmp:ro -v /home/abi/fetcher/20230716:/home/abi/fetcher/20230716:rw registry.salsa.debian.org/reproducible-builds/diffoscope --no-progress tmp/examon_core-1.0.2.tar.gz tmp/examon_core-1.0.3.tar.gz --markdown 20230716/e/examon-core/1.0.2-1.0.3/diff.md --exclude *.pyd
[2023-07-16 00:04:48] INFO root fetch - processPackages [frictionless]: Downloading https://files.pythonhosted.org/packages/90/d2/f85c7cedee239a748294362c4c36984bc70e846a057ecc7f4ed136298a34/frictionless-5.8.3.tar.gz
[2023-07-16 00:04:48] INFO root fetch - processPackages [odoo14-addon-purchase-order-ubl]: Downloading https://files.pythonhosted.org/packages/3e/b0/f5f7894c6a7f0ebd9648df8de3e0399e947f86f816e2ab80187623ddf94c/odoo14_addon_purchase_order_ubl-14.0.1.1.0-py3-none-any.whl
[2023-07-16 00:04:48] INFO root fetch - processPackages [threads-api]: executing diffoscope
[2023-07-16 00:04:48] INFO root fetch - processPackages [threads-api]: podman run --user 0:0 --rm -w /home/abi/fetcher -v /home/abi/fetcher/tmp:/home/abi/fetcher/tmp:ro -v /home/abi/fetcher/20230716:/home/abi/fetcher/20230716:rw registry.salsa.debian.org/reproducible-builds/diffoscope --no-progress tmp/threads-api-1.1.8.tar.gz tmp/threads-api-1.1.9.tar.gz --markdown 20230716/t/threads-api/1.1.8-1.1.9/diff.md --exclude *.pyd
[2023-07-16 00:04:48] INFO root fetch - processPackages [pyccolo]: Downloading https://files.pythonhosted.org/packages/fb/f9/3c723baa4bc490806929e98f4f4253cc421b256db488e38738591c8785c0/pyccolo-0.0.9.tar.gz
[2023-07-16 00:04:48] INFO root fetch - processPackages [frictionless]: executing diffoscope
[2023-07-16 00:04:48] INFO root fetch - processPackages [frictionless]: podman run --user 0:0 --rm -w /home/abi/fetcher -v /home/abi/fetcher/tmp:/home/abi/fetcher/tmp:ro -v /home/abi/fetcher/20230716:/home/abi/fetcher/20230716:rw registry.salsa.debian.org/reproducible-builds/diffoscope --no-progress tmp/frictionless-5.8.2.tar.gz tmp/frictionless-5.8.3.tar.gz --markdown 20230716/f/frictionless/5.8.2-5.8.3/diff.md --exclude *.pyd
[2023-07-16 00:04:49] INFO root fetch - processPackages [odoo14-addon-purchase-order-ubl]: executing diffoscope
[2023-07-16 00:04:49] INFO root fetch - processPackages [odoo14-addon-purchase-order-ubl]: podman run --user 0:0 --rm -w /home/abi/fetcher -v /home/abi/fetcher/tmp:/home/abi/fetcher/tmp:ro -v /home/abi/fetcher/20230716:/home/abi/fetcher/20230716:rw registry.salsa.debian.org/reproducible-builds/diffoscope --no-progress tmp/odoo14_addon_purchase_order_ubl-14.0.1.0.1.dev4-py3-none-any.whl.zip tmp/odoo14_addon_purchase_order_ubl-14.0.1.1.0-py3-none-any.whl.zip --markdown 20230716/o/odoo14-addon-purchase-order-ubl/14.0.1.0.1.dev4-14.0.1.1.0/diff.md --exclude *.pyd
[2023-07-16 00:04:49] INFO root fetch - processPackages [pyccolo]: executing diffoscope
[2023-07-16 00:04:49] INFO root fetch - processPackages [pyccolo]: podman run --user 0:0 --rm -w /home/abi/fetcher -v /home/abi/fetcher/tmp:/home/abi/fetcher/tmp:ro -v /home/abi/fetcher/20230716:/home/abi/fetcher/20230716:rw registry.salsa.debian.org/reproducible-builds/diffoscope --no-progress tmp/pyccolo-0.0.8.tar.gz tmp/pyccolo-0.0.9.tar.gz --markdown 20230716/p/pyccolo/0.0.8-0.0.9/diff.md --exclude *.pyd
[2023-07-16 00:04:49] INFO root fetch - processPackages [examon-core]: Remove: archive file [/home/abi/fetcher/tmp/examon_core-1.0.2.tar.gz]
[2023-07-16 00:04:49] INFO root fetch - processPackages [examon-core]: Remove: archive file [/home/abi/fetcher/tmp/examon_core-1.0.3.tar.gz]
[2023-07-16 00:04:49] INFO root fetch - main [MainThread]: End processing [examon-core]: success
[2023-07-16 00:04:49] INFO root fetch - processPackages [threads-api]: Remove: archive file [/home/abi/fetcher/tmp/threads-api-1.1.8.tar.gz]
[2023-07-16 00:04:49] INFO root fetch - processPackages [threads-api]: Remove: archive file [/home/abi/fetcher/tmp/threads-api-1.1.9.tar.gz]
[2023-07-16 00:04:49] INFO root fetch - main [MainThread]: End processing [threads-api]: success
[2023-07-16 00:04:49] INFO root fetch - processPackages [odoo14-addon-purchase-order-ubl]: Remove: archive file [/home/abi/fetcher/tmp/odoo14_addon_purchase_order_ubl-14.0.1.0.1.dev4-py3-none-any.whl.zip]
[2023-07-16 00:04:49] INFO root fetch - processPackages [odoo14-addon-purchase-order-ubl]: Remove: archive file [/home/abi/fetcher/tmp/odoo14_addon_purchase_order_ubl-14.0.1.1.0-py3-none-any.whl.zip]
[2023-07-16 00:04:49] INFO root fetch - main [MainThread]: End processing [odoo14-addon-purchase-order-ubl]: success
[2023-07-16 00:04:50] INFO root fetch - processPackages [pyccolo]: Remove: archive file [/home/abi/fetcher/tmp/pyccolo-0.0.8.tar.gz]
[2023-07-16 00:04:50] INFO root fetch - processPackages [pyccolo]: Remove: archive file [/home/abi/fetcher/tmp/pyccolo-0.0.9.tar.gz]
[2023-07-16 00:04:50] INFO root fetch - main [MainThread]: End processing [pyccolo]: success
[2023-07-16 00:04:51] INFO root fetch - processPackages [frictionless]: Remove: archive file [/home/abi/fetcher/tmp/frictionless-5.8.2.tar.gz]
[2023-07-16 00:04:51] INFO root fetch - processPackages [frictionless]: Remove: archive file [/home/abi/fetcher/tmp/frictionless-5.8.3.tar.gz]
[2023-07-16 00:04:51] INFO root fetch - main [MainThread]: End processing [frictionless]: success
[2023-07-16 00:04:51] INFO root fetch - main [MainThread]: Store serial: [18903242]
[2023-07-16 00:09:55] INFO root fetch - main [MainThread]: Get Changelog since Serial: [18903242]
[2023-07-16 00:10:00] INFO root fetch - main [MainThread]: Found 7 changed packages
[2023-07-16 00:10:00] INFO root fetch - processPackages [ThreadPoolExecutor-0_0]: Start processing: polarmints
[2023-07-16 00:10:00] INFO root fetch - processPackages [ThreadPoolExecutor-0_1]: Start processing: ribs
[2023-07-16 00:10:00] INFO root fetch - processPackages [ThreadPoolExecutor-0_2]: Start processing: spacetraders-sdk-feba66
[2023-07-16 00:10:00] INFO root fetch - processPackages [ThreadPoolExecutor-0_3]: Start processing: bitmap2
[2023-07-16 00:10:00] INFO root fetch - processPackages [ThreadPoolExecutor-0_4]: Start processing: afkode
[2023-07-16 00:10:00] INFO root fetch - processPackages [ThreadPoolExecutor-0_5]: Start processing: ml4s
[2023-07-16 00:10:00] INFO root fetch - processPackages [ThreadPoolExecutor-0_6]: Start processing: python-wekan
[2023-07-16 00:10:00] WARNING root fetch - processPackages [spacetraders-sdk-feba66]: Skipping, unable to determine old version
[2023-07-16 00:10:00] INFO root fetch - main [MainThread]: End processing [spacetraders-sdk-feba66] error
[2023-07-16 00:10:00] INFO root fetch - processPackages [afkode]: New version: [0.4.3] Old Version: [0.4.2]
[2023-07-16 00:10:00] INFO root fetch - processPackages [ml4s]: New version: [0.1.0] Old Version: [0.0.2]
[2023-07-16 00:10:00] INFO root fetch - processPackages [python-wekan]: New version: [0.1.8] Old Version: [0.1.6]
[2023-07-16 00:10:00] INFO root fetch - processPackages [bitmap2]: New version: [0.2.4] Old Version: [0.2.3]
[2023-07-16 00:10:00] WARNING root fetch - processPackages [polarmints]: Skipping, unable to determine old version
[2023-07-16 00:10:00] INFO root fetch - main [MainThread]: End processing [polarmints] error
[2023-07-16 00:10:00] INFO root fetch - processPackages [ribs]: New version: [0.5.2] Old Version: [0.5.1]
[2023-07-16 00:10:00] INFO root fetch - processPackages [python-wekan]: Downloading https://files.pythonhosted.org/packages/74/b2/156223ebc95a387a86551c32ed94c99901b0766b1403a56d8ff8b5bd0a25/python-wekan-0.1.6.tar.gz
[2023-07-16 00:10:00] INFO root fetch - processPackages [afkode]: Downloading https://files.pythonhosted.org/packages/3a/94/f2c52157a6f7aa30e374dcdf0cd7afb3eb088aacd3eee8b2133c8731c3c7/afkode-0.4.2.tar.gz
[2023-07-16 00:10:00] INFO root fetch - processPackages [ml4s]: Downloading https://files.pythonhosted.org/packages/10/e4/71ac983fa8fe39d4c0a4506e578d5cac139f05e81c04d657a52b6dda7eea/ml4s-0.0.2.tar.gz
[2023-07-16 00:10:00] INFO root fetch - processPackages [ribs]: Downloading https://files.pythonhosted.org/packages/ce/20/2767fdb0a214fc23f47df2609e0b78213582c26acd519463d67d423fe645/ribs-0.5.1.tar.gz
[2023-07-16 00:10:00] INFO root fetch - processPackages [bitmap2]: Downloading https://files.pythonhosted.org/packages/34/94/e0c79d00fceabf49da64aff93f2d29218ebfb2e3b7bd1cb0b51ae8f41986/bitmap2-0.2.3.tar.gz
[2023-07-16 00:10:00] INFO root fetch - processPackages [python-wekan]: Downloading https://files.pythonhosted.org/packages/f8/0f/c4397c1f5e108c8ee28cd66cfb6968f4f10ffe32b8a799e2d7a937888d7c/python-wekan-0.1.8.tar.gz
[2023-07-16 00:10:00] INFO root fetch - processPackages [afkode]: Downloading https://files.pythonhosted.org/packages/65/98/76c26408994c57bd46c401a7f9ed2136b389b0c781fcbe96b33f151d8872/afkode-0.4.3.tar.gz
[2023-07-16 00:10:00] INFO root fetch - processPackages [ribs]: Downloading https://files.pythonhosted.org/packages/84/1f/c939e5fd40a0f802548a2cb1e1faef5a2149d79ea53b7b5b6678650006e1/ribs-0.5.2.tar.gz
[2023-07-16 00:10:01] INFO root fetch - processPackages [ml4s]: Downloading https://files.pythonhosted.org/packages/08/09/ccbe2ff9cec4d5cc31029334737996d5b22b37616e6350087bb46730dfd7/ml4s-0.1.0.tar.gz
[2023-07-16 00:10:01] INFO root fetch - processPackages [bitmap2]: Downloading https://files.pythonhosted.org/packages/22/c5/a5cf5901ede31695a0ce0efad9978911c22367e39fbf21af19deb5bf9390/bitmap2-0.2.4.tar.gz
[2023-07-16 00:10:01] INFO root fetch - processPackages [python-wekan]: executing diffoscope
[2023-07-16 00:10:01] INFO root fetch - processPackages [python-wekan]: podman run --user 0:0 --rm -w /home/abi/fetcher -v /home/abi/fetcher/tmp:/home/abi/fetcher/tmp:ro -v /home/abi/fetcher/20230716:/home/abi/fetcher/20230716:rw registry.salsa.debian.org/reproducible-builds/diffoscope --no-progress tmp/python-wekan-0.1.6.tar.gz tmp/python-wekan-0.1.8.tar.gz --markdown 20230716/p/python-wekan/0.1.6-0.1.8/diff.md --exclude *.pyd
[2023-07-16 00:10:01] INFO root fetch - processPackages [afkode]: executing diffoscope
[2023-07-16 00:10:01] INFO root fetch - processPackages [afkode]: podman run --user 0:0 --rm -w /home/abi/fetcher -v /home/abi/fetcher/tmp:/home/abi/fetcher/tmp:ro -v /home/abi/fetcher/20230716:/home/abi/fetcher/20230716:rw registry.salsa.debian.org/reproducible-builds/diffoscope --no-progress tmp/afkode-0.4.2.tar.gz tmp/afkode-0.4.3.tar.gz --markdown 20230716/a/afkode/0.4.2-0.4.3/diff.md --exclude *.pyd
[2023-07-16 00:10:01] INFO root fetch - processPackages [ribs]: executing diffoscope
[2023-07-16 00:10:01] INFO root fetch - processPackages [ribs]: podman run --user 0:0 --rm -w /home/abi/fetcher -v /home/abi/fetcher/tmp:/home/abi/fetcher/tmp:ro -v /home/abi/fetcher/20230716:/home/abi/fetcher/20230716:rw registry.salsa.debian.org/reproducible-builds/diffoscope --no-progress tmp/ribs-0.5.1.tar.gz tmp/ribs-0.5.2.tar.gz --markdown 20230716/r/ribs/0.5.1-0.5.2/diff.md --exclude *.pyd
[2023-07-16 00:10:01] INFO root fetch - processPackages [ml4s]: executing diffoscope
[2023-07-16 00:10:01] INFO root fetch - processPackages [ml4s]: podman run --user 0:0 --rm -w /home/abi/fetcher -v /home/abi/fetcher/tmp:/home/abi/fetcher/tmp:ro -v /home/abi/fetcher/20230716:/home/abi/fetcher/20230716:rw registry.salsa.debian.org/reproducible-builds/diffoscope --no-progress tmp/ml4s-0.0.2.tar.gz tmp/ml4s-0.1.0.tar.gz --markdown 20230716/m/ml4s/0.0.2-0.1.0/diff.md --exclude *.pyd
[2023-07-16 00:10:01] INFO root fetch - processPackages [bitmap2]: executing diffoscope
[2023-07-16 00:10:01] INFO root fetch - processPackages [bitmap2]: podman run --user 0:0 --rm -w /home/abi/fetcher -v /home/abi/fetcher/tmp:/home/abi/fetcher/tmp:ro -v /home/abi/fetcher/20230716:/home/abi/fetcher/20230716:rw registry.salsa.debian.org/reproducible-builds/diffoscope --no-progress tmp/bitmap2-0.2.3.tar.gz tmp/bitmap2-0.2.4.tar.gz --markdown 20230716/b/bitmap2/0.2.3-0.2.4/diff.md --exclude *.pyd
[2023-07-16 00:10:02] INFO root fetch - processPackages [python-wekan]: Remove: archive file [/home/abi/fetcher/tmp/python-wekan-0.1.6.tar.gz]
[2023-07-16 00:10:02] INFO root fetch - processPackages [python-wekan]: Remove: archive file [/home/abi/fetcher/tmp/python-wekan-0.1.8.tar.gz]
[2023-07-16 00:10:02] INFO root fetch - main [MainThread]: End processing [python-wekan]: success
[2023-07-16 00:10:02] INFO root fetch - processPackages [afkode]: Remove: archive file [/home/abi/fetcher/tmp/afkode-0.4.2.tar.gz]
[2023-07-16 00:10:02] INFO root fetch - processPackages [afkode]: Remove: archive file [/home/abi/fetcher/tmp/afkode-0.4.3.tar.gz]
[2023-07-16 00:10:02] INFO root fetch - main [MainThread]: End processing [afkode]: success
[2023-07-16 00:10:02] INFO root fetch - processPackages [bitmap2]: Remove: archive file [/home/abi/fetcher/tmp/bitmap2-0.2.3.tar.gz]
[2023-07-16 00:10:02] INFO root fetch - processPackages [bitmap2]: Remove: archive file [/home/abi/fetcher/tmp/bitmap2-0.2.4.tar.gz]
[2023-07-16 00:10:02] INFO root fetch - main [MainThread]: End processing [bitmap2]: success
[2023-07-16 00:10:02] INFO root fetch - processPackages [ribs]: Remove: archive file [/home/abi/fetcher/tmp/ribs-0.5.1.tar.gz]
[2023-07-16 00:10:02] INFO root fetch - processPackages [ribs]: Remove: archive file [/home/abi/fetcher/tmp/ribs-0.5.2.tar.gz]
[2023-07-16 00:10:02] INFO root fetch - main [MainThread]: End processing [ribs]: success
[2023-07-16 00:10:02] INFO root fetch - processPackages [ml4s]: Remove: archive file [/home/abi/fetcher/tmp/ml4s-0.0.2.tar.gz]
[2023-07-16 00:10:02] INFO root fetch - processPackages [ml4s]: Remove: archive file [/home/abi/fetcher/tmp/ml4s-0.1.0.tar.gz]
[2023-07-16 00:10:02] INFO root fetch - main [MainThread]: End processing [ml4s]: success
[2023-07-16 00:10:02] INFO root fetch - main [MainThread]: Store serial: [18903268]
